# JRE version: Java(TM) SE Runtime Environment (8.0_65-b17) (build 1.8.0_65-b17)
# Java VM: Java HotSpot(TM) 64-Bit Server VM (25.65-b01 mixed mode bsd-amd64 compressed oops)
Heap:
 PSYoungGen      total 2422272K, used 1603446K [0x0000000715580000, 0x00000007bf000000, 0x00000007c0000000)
  eden space 2082816K, 74% used [0x0000000715580000,0x00000007743c5900,0x0000000794780000)
  from space 339456K, 14% used [0x0000000794780000,0x0000000797718000,0x00000007a9300000)
  to   space 325120K, 0% used [0x00000007ab280000,0x00000007ab280000,0x00000007bf000000)
 ParOldGen       total 1142272K, used 468083K [0x00000005c0000000, 0x0000000605b80000, 0x0000000715580000)
  object space 1142272K, 40% used [0x00000005c0000000,0x00000005dc91cec0,0x0000000605b80000)
 Metaspace       used 27021K, capacity 27826K, committed 28080K, reserved 1075200K
  class space    used 3009K, capacity 3179K, committed 3248K, reserved 1048576K
GC Heap History (10 events):
Event: 44.193 GC heap before
{Heap before GC invocations=21 (full 4):
 PSYoungGen      total 2383360K, used 2053632K [0x0000000715580000, 0x00000007c0000000, 0x00000007c0000000)
  eden space 2053632K, 100% used [0x0000000715580000,0x0000000792b00000,0x0000000792b00000)
  from space 329728K, 0% used [0x00000007abe00000,0x00000007abe00000,0x00000007c0000000)
  to   space 371200K, 0% used [0x0000000792b00000,0x0000000792b00000,0x00000007a9580000)
 ParOldGen       total 1142272K, used 468083K [0x00000005c0000000, 0x0000000605b80000, 0x0000000715580000)
  object space 1142272K, 40% used [0x00000005c0000000,0x00000005dc91cec0,0x0000000605b80000)
 Metaspace       used 21577K, capacity 22072K, committed 22192K, reserved 1069056K
  class space    used 2290K, capacity 2402K, committed 2480K, reserved 1048576K
Event: 44.206 GC heap after
Heap after GC invocations=21 (full 4):
 PSYoungGen      total 2424832K, used 13504K [0x0000000715580000, 0x00000007c0000000, 0x00000007c0000000)
  eden space 2053632K, 0% used [0x0000000715580000,0x0000000715580000,0x0000000792b00000)
  from space 371200K, 3% used [0x0000000792b00000,0x0000000793830000,0x00000007a9580000)
  to   space 370176K, 0% used [0x00000007a9680000,0x00000007a9680000,0x00000007c0000000)
 ParOldGen       total 1142272K, used 468083K [0x00000005c0000000, 0x0000000605b80000, 0x0000000715580000)
  object space 1142272K, 40% used [0x00000005c0000000,0x00000005dc91cec0,0x0000000605b80000)
 Metaspace       used 21577K, capacity 22072K, committed 22192K, reserved 1069056K
  class space    used 2290K, capacity 2402K, committed 2480K, reserved 1048576K
}
Event: 45.010 GC heap before
{Heap before GC invocations=22 (full 4):
 PSYoungGen      total 2424832K, used 2067136K [0x0000000715580000, 0x00000007c0000000, 0x00000007c0000000)
  eden space 2053632K, 100% used [0x0000000715580000,0x0000000792b00000,0x0000000792b00000)
  from space 371200K, 3% used [0x0000000792b00000,0x0000000793830000,0x00000007a9580000)
  to   space 370176K, 0% used [0x00000007a9680000,0x00000007a9680000,0x00000007c0000000)
 ParOldGen       total 1142272K, used 468083K [0x00000005c0000000, 0x0000000605b80000, 0x0000000715580000)
  object space 1142272K, 40% used [0x00000005c0000000,0x00000005dc91cec0,0x0000000605b80000)
 Metaspace       used 21577K, capacity 22072K, committed 22192K, reserved 1069056K
  class space    used 2290K, capacity 2402K, committed 2480K, reserved 1048576K
Event: 45.038 GC heap after
Heap after GC invocations=22 (full 4):
 PSYoungGen      total 2406400K, used 37696K [0x0000000715580000, 0x00000007bee00000, 0x00000007c0000000)
  eden space 2054656K, 0% used [0x0000000715580000,0x0000000715580000,0x0000000792c00000)
  from space 351744K, 10% used [0x00000007a9680000,0x00000007abb50000,0x00000007bee00000)
  to   space 361472K, 0% used [0x0000000792c00000,0x0000000792c00000,0x00000007a8d00000)
 ParOldGen       total 1142272K, used 468083K [0x00000005c0000000, 0x0000000605b80000, 0x0000000715580000)
  object space 1142272K, 40% used [0x00000005c0000000,0x00000005dc91cec0,0x0000000605b80000)
 Metaspace       used 21577K, capacity 22072K, committed 22192K, reserved 1069056K
  class space    used 2290K, capacity 2402K, committed 2480K, reserved 1048576K
}
Event: 45.850 GC heap before
{Heap before GC invocations=23 (full 4):
 PSYoungGen      total 2406400K, used 2092352K [0x0000000715580000, 0x00000007bee00000, 0x00000007c0000000)
  eden space 2054656K, 100% used [0x0000000715580000,0x0000000792c00000,0x0000000792c00000)
  from space 351744K, 10% used [0x00000007a9680000,0x00000007abb50000,0x00000007bee00000)
  to   space 361472K, 0% used [0x0000000792c00000,0x0000000792c00000,0x00000007a8d00000)
 ParOldGen       total 1142272K, used 468083K [0x00000005c0000000, 0x0000000605b80000, 0x0000000715580000)
  object space 1142272K, 40% used [0x00000005c0000000,0x00000005dc91cec0,0x0000000605b80000)
 Metaspace       used 21577K, capacity 22072K, committed 22192K, reserved 1069056K
  class space    used 2290K, capacity 2402K, committed 2480K, reserved 1048576K
Event: 45.878 GC heap after
Heap after GC invocations=23 (full 4):
 PSYoungGen      total 2416128K, used 36640K [0x0000000715580000, 0x00000007bf680000, 0x00000007c0000000)
  eden space 2054656K, 0% used [0x0000000715580000,0x0000000715580000,0x0000000792c00000)
  from space 361472K, 10% used [0x0000000792c00000,0x0000000794fc8000,0x00000007a8d00000)
  to   space 351744K, 0% used [0x00000007a9f00000,0x00000007a9f00000,0x00000007bf680000)
 ParOldGen       total 1142272K, used 468083K [0x00000005c0000000, 0x0000000605b80000, 0x0000000715580000)
  object space 1142272K, 40% used [0x00000005c0000000,0x00000005dc91cec0,0x0000000605b80000)
 Metaspace       used 21577K, capacity 22072K, committed 22192K, reserved 1069056K
  class space    used 2290K, capacity 2402K, committed 2480K, reserved 1048576K
}
Event: 46.690 GC heap before
{Heap before GC invocations=24 (full 4):
 PSYoungGen      total 2416128K, used 2091296K [0x0000000715580000, 0x00000007bf680000, 0x00000007c0000000)
  eden space 2054656K, 100% used [0x0000000715580000,0x0000000792c00000,0x0000000792c00000)
  from space 361472K, 10% used [0x0000000792c00000,0x0000000794fc8000,0x00000007a8d00000)
  to   space 351744K, 0% used [0x00000007a9f00000,0x00000007a9f00000,0x00000007bf680000)
 ParOldGen       total 1142272K, used 468083K [0x00000005c0000000, 0x0000000605b80000, 0x0000000715580000)
  object space 1142272K, 40% used [0x00000005c0000000,0x00000005dc91cec0,0x0000000605b80000)
 Metaspace       used 21577K, capacity 22072K, committed 22192K, reserved 1069056K
  class space    used 2290K, capacity 2402K, committed 2480K, reserved 1048576K
Event: 46.725 GC heap after
Heap after GC invocations=24 (full 4):
 PSYoungGen      total 2409984K, used 43104K [0x0000000715580000, 0x00000007bde80000, 0x00000007c0000000)
  eden space 2082816K, 0% used [0x0000000715580000,0x0000000715580000,0x0000000794780000)
  from space 327168K, 13% used [0x00000007a9f00000,0x00000007ac918000,0x00000007bde80000)
  to   space 339456K, 0% used [0x0000000794780000,0x0000000794780000,0x00000007a9300000)
 ParOldGen       total 1142272K, used 468083K [0x00000005c0000000, 0x0000000605b80000, 0x0000000715580000)
  object space 1142272K, 40% used [0x00000005c0000000,0x00000005dc91cec0,0x0000000605b80000)
 Metaspace       used 21577K, capacity 22072K, committed 22192K, reserved 1069056K
  class space    used 2290K, capacity 2402K, committed 2480K, reserved 1048576K
}
Event: 47.541 GC heap before
{Heap before GC invocations=25 (full 4):
 PSYoungGen      total 2409984K, used 2125920K [0x0000000715580000, 0x00000007bde80000, 0x00000007c0000000)
  eden space 2082816K, 100% used [0x0000000715580000,0x0000000794780000,0x0000000794780000)
  from space 327168K, 13% used [0x00000007a9f00000,0x00000007ac918000,0x00000007bde80000)
  to   space 339456K, 0% used [0x0000000794780000,0x0000000794780000,0x00000007a9300000)
 ParOldGen       total 1142272K, used 468083K [0x00000005c0000000, 0x0000000605b80000, 0x0000000715580000)
  object space 1142272K, 40% used [0x00000005c0000000,0x00000005dc91cec0,0x0000000605b80000)
 Metaspace       used 21577K, capacity 22072K, committed 22192K, reserved 1069056K
  class space    used 2290K, capacity 2402K, committed 2480K, reserved 1048576K
Event: 47.581 GC heap after
Heap after GC invocations=25 (full 4):
 PSYoungGen      total 2422272K, used 48736K [0x0000000715580000, 0x00000007bf000000, 0x00000007c0000000)
  eden space 2082816K, 0% used [0x0000000715580000,0x0000000715580000,0x0000000794780000)
  from space 339456K, 14% used [0x0000000794780000,0x0000000797718000,0x00000007a9300000)
  to   space 325120K, 0% used [0x00000007ab280000,0x00000007ab280000,0x00000007bf000000)
 ParOldGen       total 1142272K, used 468083K [0x00000005c0000000, 0x0000000605b80000, 0x0000000715580000)
  object space 1142272K, 40% used [0x00000005c0000000,0x00000005dc91cec0,0x0000000605b80000)
 Metaspace       used 21577K, capacity 22072K, committed 22192K, reserved 1069056K
  class space    used 2290K, capacity 2402K, committed 2480K, reserved 1048576K
}

