# JRE version: Java(TM) SE Runtime Environment (8.0_65-b17) (build 1.8.0_65-b17)
# Java VM: Java HotSpot(TM) 64-Bit Server VM (25.65-b01 mixed mode bsd-amd64 compressed oops)
Heap:
 PSYoungGen      total 2463744K, used 739930K [0x0000000715580000, 0x00000007be400000, 0x00000007c0000000)
  eden space 2170368K, 28% used [0x0000000715580000,0x000000073a86a660,0x0000000799d00000)
  from space 293376K, 44% used [0x00000007ac580000,0x00000007b452c4a8,0x00000007be400000)
  to   space 298496K, 0% used [0x0000000799d00000,0x0000000799d00000,0x00000007ac080000)
 ParOldGen       total 1135616K, used 466962K [0x00000005c0000000, 0x0000000605500000, 0x0000000715580000)
  object space 1135616K, 41% used [0x00000005c0000000,0x00000005dc804ba0,0x0000000605500000)
 Metaspace       used 28942K, capacity 29798K, committed 30000K, reserved 1075200K
  class space    used 3161K, capacity 3351K, committed 3376K, reserved 1048576K
GC Heap History (10 events):
Event: 40.494 GC heap before
{Heap before GC invocations=22 (full 4):
 PSYoungGen      total 2447360K, used 2112928K [0x0000000715580000, 0x00000007c0000000, 0x00000007c0000000)
  eden space 2098688K, 100% used [0x0000000715580000,0x0000000795700000,0x0000000795700000)
  from space 348672K, 4% used [0x0000000795700000,0x00000007964e8000,0x00000007aab80000)
  to   space 348160K, 0% used [0x00000007aac00000,0x00000007aac00000,0x00000007c0000000)
 ParOldGen       total 1135616K, used 466935K [0x00000005c0000000, 0x0000000605500000, 0x0000000715580000)
  object space 1135616K, 41% used [0x00000005c0000000,0x00000005dc7fdf50,0x0000000605500000)
 Metaspace       used 21608K, capacity 22072K, committed 22192K, reserved 1069056K
  class space    used 2288K, capacity 2402K, committed 2480K, reserved 1048576K
Event: 40.520 GC heap after
Heap after GC invocations=22 (full 4):
 PSYoungGen      total 2431488K, used 36640K [0x0000000715580000, 0x00000007bf080000, 0x00000007c0000000)
  eden space 2099200K, 0% used [0x0000000715580000,0x0000000715580000,0x0000000795780000)
  from space 332288K, 11% used [0x00000007aac00000,0x00000007acfc8000,0x00000007bf080000)
  to   space 340480K, 0% used [0x0000000795780000,0x0000000795780000,0x00000007aa400000)
 ParOldGen       total 1135616K, used 466935K [0x00000005c0000000, 0x0000000605500000, 0x0000000715580000)
  object space 1135616K, 41% used [0x00000005c0000000,0x00000005dc7fdf50,0x0000000605500000)
 Metaspace       used 21608K, capacity 22072K, committed 22192K, reserved 1069056K
  class space    used 2288K, capacity 2402K, committed 2480K, reserved 1048576K
}
Event: 41.394 GC heap before
{Heap before GC invocations=23 (full 4):
 PSYoungGen      total 2431488K, used 2135840K [0x0000000715580000, 0x00000007bf080000, 0x00000007c0000000)
  eden space 2099200K, 100% used [0x0000000715580000,0x0000000795780000,0x0000000795780000)
  from space 332288K, 11% used [0x00000007aac00000,0x00000007acfc8000,0x00000007bf080000)
  to   space 340480K, 0% used [0x0000000795780000,0x0000000795780000,0x00000007aa400000)
 ParOldGen       total 1135616K, used 466935K [0x00000005c0000000, 0x0000000605500000, 0x0000000715580000)
  object space 1135616K, 41% used [0x00000005c0000000,0x00000005dc7fdf50,0x0000000605500000)
 Metaspace       used 21608K, capacity 22072K, committed 22192K, reserved 1069056K
  class space    used 2288K, capacity 2402K, committed 2480K, reserved 1048576K
Event: 41.421 GC heap after
Heap after GC invocations=23 (full 4):
 PSYoungGen      total 2439680K, used 36768K [0x0000000715580000, 0x00000007bf600000, 0x00000007c0000000)
  eden space 2099200K, 0% used [0x0000000715580000,0x0000000715580000,0x0000000795780000)
  from space 340480K, 10% used [0x0000000795780000,0x0000000797b68000,0x00000007aa400000)
  to   space 331264K, 0% used [0x00000007ab280000,0x00000007ab280000,0x00000007bf600000)
 ParOldGen       total 1135616K, used 466935K [0x00000005c0000000, 0x0000000605500000, 0x0000000715580000)
  object space 1135616K, 41% used [0x00000005c0000000,0x00000005dc7fdf50,0x0000000605500000)
 Metaspace       used 21608K, capacity 22072K, committed 22192K, reserved 1069056K
  class space    used 2288K, capacity 2402K, committed 2480K, reserved 1048576K
}
Event: 42.299 GC heap before
{Heap before GC invocations=24 (full 4):
 PSYoungGen      total 2439680K, used 2135968K [0x0000000715580000, 0x00000007bf600000, 0x00000007c0000000)
  eden space 2099200K, 100% used [0x0000000715580000,0x0000000795780000,0x0000000795780000)
  from space 340480K, 10% used [0x0000000795780000,0x0000000797b68000,0x00000007aa400000)
  to   space 331264K, 0% used [0x00000007ab280000,0x00000007ab280000,0x00000007bf600000)
 ParOldGen       total 1135616K, used 466935K [0x00000005c0000000, 0x0000000605500000, 0x0000000715580000)
  object space 1135616K, 41% used [0x00000005c0000000,0x00000005dc7fdf50,0x0000000605500000)
 Metaspace       used 21608K, capacity 22072K, committed 22192K, reserved 1069056K
  class space    used 2288K, capacity 2402K, committed 2480K, reserved 1048576K
Event: 42.334 GC heap after
Heap after GC invocations=24 (full 4):
 PSYoungGen      total 2433024K, used 43648K [0x0000000715580000, 0x00000007be000000, 0x00000007c0000000)
  eden space 2124288K, 0% used [0x0000000715580000,0x0000000715580000,0x0000000797000000)
  from space 308736K, 14% used [0x00000007ab280000,0x00000007add20000,0x00000007be000000)
  to   space 319488K, 0% used [0x0000000797000000,0x0000000797000000,0x00000007aa800000)
 ParOldGen       total 1135616K, used 466935K [0x00000005c0000000, 0x0000000605500000, 0x0000000715580000)
  object space 1135616K, 41% used [0x00000005c0000000,0x00000005dc7fdf50,0x0000000605500000)
 Metaspace       used 21608K, capacity 22072K, committed 22192K, reserved 1069056K
  class space    used 2288K, capacity 2402K, committed 2480K, reserved 1048576K
}
Event: 43.222 GC heap before
{Heap before GC invocations=25 (full 4):
 PSYoungGen      total 2433024K, used 2167936K [0x0000000715580000, 0x00000007be000000, 0x00000007c0000000)
  eden space 2124288K, 100% used [0x0000000715580000,0x0000000797000000,0x0000000797000000)
  from space 308736K, 14% used [0x00000007ab280000,0x00000007add20000,0x00000007be000000)
  to   space 319488K, 0% used [0x0000000797000000,0x0000000797000000,0x00000007aa800000)
 ParOldGen       total 1135616K, used 466935K [0x00000005c0000000, 0x0000000605500000, 0x0000000715580000)
  object space 1135616K, 41% used [0x00000005c0000000,0x00000005dc7fdf50,0x0000000605500000)
 Metaspace       used 21608K, capacity 22072K, committed 22192K, reserved 1069056K
  class space    used 2288K, capacity 2402K, committed 2480K, reserved 1048576K
Event: 43.265 GC heap after
Heap after GC invocations=25 (full 4):
 PSYoungGen      total 2443776K, used 49248K [0x0000000715580000, 0x00000007bf080000, 0x00000007c0000000)
  eden space 2124288K, 0% used [0x0000000715580000,0x0000000715580000,0x0000000797000000)
  from space 319488K, 15% used [0x0000000797000000,0x000000079a018000,0x00000007aa800000)
  to   space 306176K, 0% used [0x00000007ac580000,0x00000007ac580000,0x00000007bf080000)
 ParOldGen       total 1135616K, used 466935K [0x00000005c0000000, 0x0000000605500000, 0x0000000715580000)
  object space 1135616K, 41% used [0x00000005c0000000,0x00000005dc7fdf50,0x0000000605500000)
 Metaspace       used 21608K, capacity 22072K, committed 22192K, reserved 1069056K
  class space    used 2288K, capacity 2402K, committed 2480K, reserved 1048576K
}
Event: 147.966 GC heap before
{Heap before GC invocations=26 (full 4):
 PSYoungGen      total 2443776K, used 2173536K [0x0000000715580000, 0x00000007bf080000, 0x00000007c0000000)
  eden space 2124288K, 100% used [0x0000000715580000,0x0000000797000000,0x0000000797000000)
  from space 319488K, 15% used [0x0000000797000000,0x000000079a018000,0x00000007aa800000)
  to   space 306176K, 0% used [0x00000007ac580000,0x00000007ac580000,0x00000007bf080000)
 ParOldGen       total 1135616K, used 466935K [0x00000005c0000000, 0x0000000605500000, 0x0000000715580000)
  object space 1135616K, 41% used [0x00000005c0000000,0x00000005dc7fdf50,0x0000000605500000)
 Metaspace       used 28848K, capacity 29734K, committed 30000K, reserved 1075200K
  class space    used 3160K, capacity 3351K, committed 3376K, reserved 1048576K
Event: 148.123 GC heap after
Heap after GC invocations=26 (full 4):
 PSYoungGen      total 2463744K, used 130737K [0x0000000715580000, 0x00000007be400000, 0x00000007c0000000)
  eden space 2170368K, 0% used [0x0000000715580000,0x0000000715580000,0x0000000799d00000)
  from space 293376K, 44% used [0x00000007ac580000,0x00000007b452c4a8,0x00000007be400000)
  to   space 298496K, 0% used [0x0000000799d00000,0x0000000799d00000,0x00000007ac080000)
 ParOldGen       total 1135616K, used 466962K [0x00000005c0000000, 0x0000000605500000, 0x0000000715580000)
  object space 1135616K, 41% used [0x00000005c0000000,0x00000005dc804ba0,0x0000000605500000)
 Metaspace       used 28848K, capacity 29734K, committed 30000K, reserved 1075200K
  class space    used 3160K, capacity 3351K, committed 3376K, reserved 1048576K
}

